[ 2016-02-28T07:15:37+08:00 ] 127.0.0.1 /index.php/public/assets/js/common/main-min.js
INFO: [ app_init ] --START--
INFO: Run Behavior\BuildLiteBehavior [ RunTime:0.000046s ]
INFO: [ app_init ] --END-- [ RunTime:0.001149s ]
ERR: 无法加载模块:Public

[ 2016-02-28T07:15:49+08:00 ] 127.0.0.1 /index.php/public/assets/js/common/main-min.js
INFO: [ app_init ] --START--
INFO: Run Behavior\BuildLiteBehavior [ RunTime:0.000070s ]
INFO: [ app_init ] --END-- [ RunTime:0.001566s ]
ERR: 无法加载模块:Public

[ 2016-02-28T07:15:58+08:00 ] 127.0.0.1 /index.php/index/index
INFO: [ app_init ] --START--
INFO: Run Behavior\BuildLiteBehavior [ RunTime:0.000045s ]
INFO: [ app_init ] --END-- [ RunTime:0.001197s ]
ERR: 无法加载模块:Index

[ 2016-02-28T07:16:08+08:00 ] 127.0.0.1 /index.php/home.index/index
INFO: [ app_init ] --START--
INFO: Run Behavior\BuildLiteBehavior [ RunTime:0.000071s ]
INFO: [ app_init ] --END-- [ RunTime:0.001706s ]
ERR: 无法加载模块:Home.index

[ 2016-02-28T07:57:33+08:00 ] 127.0.0.1 /index.php/public/assets/js/common/main-min.js
INFO: [ app_init ] --START--
INFO: Run Behavior\BuildLiteBehavior [ RunTime:0.000068s ]
INFO: [ app_init ] --END-- [ RunTime:0.001284s ]
ERR: 无法加载模块:Public

