[ 2016-02-25T14:26:27+08:00 ] 127.0.0.1 /index.php/stock/index
INFO: [ app_init ] --START--
INFO: Run Behavior\BuildLiteBehavior [ RunTime:0.000029s ]
INFO: [ app_init ] --END-- [ RunTime:0.000685s ]
ERR: 无法加载模块:Stock

[ 2016-02-25T14:31:03+08:00 ] 127.0.0.1 /index.php/assets/code/demo.css
INFO: [ app_init ] --START--
INFO: Run Behavior\BuildLiteBehavior [ RunTime:0.000026s ]
INFO: [ app_init ] --END-- [ RunTime:0.000481s ]
ERR: 无法加载模块:Assets

[ 2016-02-25T14:34:48+08:00 ] 127.0.0.1 /index.php/assets/code/demo.css
INFO: [ app_init ] --START--
INFO: Run Behavior\BuildLiteBehavior [ RunTime:0.000025s ]
INFO: [ app_init ] --END-- [ RunTime:0.000488s ]
ERR: 无法加载模块:Assets

[ 2016-02-25T14:36:46+08:00 ] 127.0.0.1 /index.php/assets/code/demo.css
INFO: [ app_init ] --START--
INFO: Run Behavior\BuildLiteBehavior [ RunTime:0.000026s ]
INFO: [ app_init ] --END-- [ RunTime:0.000504s ]
ERR: 无法加载模块:Assets

[ 2016-02-25T14:36:51+08:00 ] 127.0.0.1 /index.php/assets/code/demo.css
INFO: [ app_init ] --START--
INFO: Run Behavior\BuildLiteBehavior [ RunTime:0.000025s ]
INFO: [ app_init ] --END-- [ RunTime:0.000497s ]
ERR: 无法加载模块:Assets

