[ 2016-03-04T21:38:16+08:00 ] 127.0.0.1 /
INFO: [ app_init ] --START--
INFO: Run Behavior\BuildLiteBehavior [ RunTime:0.000034s ]
INFO: [ app_init ] --END-- [ RunTime:0.026989s ]

[ 2016-03-04T21:38:17+08:00 ] 127.0.0.1 /index.php/Home/Index/main
INFO: [ app_init ] --START--
INFO: Run Behavior\BuildLiteBehavior [ RunTime:0.000105s ]
INFO: [ app_init ] --END-- [ RunTime:0.001527s ]

[ 2016-03-04T21:38:19+08:00 ] 127.0.0.1 /index.php/Home/stock/index
INFO: [ app_init ] --START--
INFO: Run Behavior\BuildLiteBehavior [ RunTime:0.000045s ]
INFO: [ app_init ] --END-- [ RunTime:0.000837s ]

[ 2016-03-04T21:38:21+08:00 ] 127.0.0.1 /index.php/Home/stock/index
INFO: [ app_init ] --START--
INFO: Run Behavior\BuildLiteBehavior [ RunTime:0.000026s ]
INFO: [ app_init ] --END-- [ RunTime:0.000594s ]

[ 2016-03-04T21:38:52+08:00 ] 127.0.0.1 /index.php/Home/stock/index
INFO: [ app_init ] --START--
INFO: Run Behavior\BuildLiteBehavior [ RunTime:0.000027s ]
INFO: [ app_init ] --END-- [ RunTime:0.000705s ]

[ 2016-03-04T21:39:09+08:00 ] 127.0.0.1 /index.php/Home/stock/index
INFO: [ app_init ] --START--
INFO: Run Behavior\BuildLiteBehavior [ RunTime:0.000028s ]
INFO: [ app_init ] --END-- [ RunTime:0.000680s ]

[ 2016-03-04T21:39:21+08:00 ] 127.0.0.1 /index.php/Home/stock/index
INFO: [ app_init ] --START--
INFO: Run Behavior\BuildLiteBehavior [ RunTime:0.000037s ]
INFO: [ app_init ] --END-- [ RunTime:0.000654s ]

[ 2016-03-04T21:39:45+08:00 ] 127.0.0.1 /index.php/Home/stock/index
INFO: [ app_init ] --START--
INFO: Run Behavior\BuildLiteBehavior [ RunTime:0.000045s ]
INFO: [ app_init ] --END-- [ RunTime:0.000847s ]

[ 2016-03-04T21:39:53+08:00 ] 127.0.0.1 /index.php/Home/stock/index
INFO: [ app_init ] --START--
INFO: Run Behavior\BuildLiteBehavior [ RunTime:0.000039s ]
INFO: [ app_init ] --END-- [ RunTime:0.000740s ]

[ 2016-03-04T21:40:24+08:00 ] 127.0.0.1 /
INFO: [ app_init ] --START--
INFO: Run Behavior\BuildLiteBehavior [ RunTime:0.000042s ]
INFO: [ app_init ] --END-- [ RunTime:0.000716s ]

[ 2016-03-04T21:40:24+08:00 ] 127.0.0.1 /index.php/Home/Index/main
INFO: [ app_init ] --START--
INFO: Run Behavior\BuildLiteBehavior [ RunTime:0.000044s ]
INFO: [ app_init ] --END-- [ RunTime:0.000818s ]

[ 2016-03-04T21:42:52+08:00 ] 127.0.0.1 /index.php/Home/stock/index
INFO: [ app_init ] --START--
INFO: Run Behavior\BuildLiteBehavior [ RunTime:0.000032s ]
INFO: [ app_init ] --END-- [ RunTime:0.000760s ]

[ 2016-03-04T21:42:54+08:00 ] 127.0.0.1 /index.php/Home/stock/index
INFO: [ app_init ] --START--
INFO: Run Behavior\BuildLiteBehavior [ RunTime:0.000030s ]
INFO: [ app_init ] --END-- [ RunTime:0.000690s ]

[ 2016-03-04T21:43:13+08:00 ] 127.0.0.1 /index.php/Home/stock/index
INFO: [ app_init ] --START--
INFO: Run Behavior\BuildLiteBehavior [ RunTime:0.000045s ]
INFO: [ app_init ] --END-- [ RunTime:0.001099s ]

[ 2016-03-04T21:43:14+08:00 ] 127.0.0.1 /index.php/Home/stock/index
INFO: [ app_init ] --START--
INFO: Run Behavior\BuildLiteBehavior [ RunTime:0.000041s ]
INFO: [ app_init ] --END-- [ RunTime:0.000806s ]

[ 2016-03-04T21:43:23+08:00 ] 127.0.0.1 /index.php/Home/stock/index
INFO: [ app_init ] --START--
INFO: Run Behavior\BuildLiteBehavior [ RunTime:0.000046s ]
INFO: [ app_init ] --END-- [ RunTime:0.001113s ]

[ 2016-03-04T21:43:59+08:00 ] 127.0.0.1 /index.php/Home/stock/index
INFO: [ app_init ] --START--
INFO: Run Behavior\BuildLiteBehavior [ RunTime:0.000047s ]
INFO: [ app_init ] --END-- [ RunTime:0.000799s ]

[ 2016-03-04T21:44:00+08:00 ] 127.0.0.1 /index.php/Home/stock/index
INFO: [ app_init ] --START--
INFO: Run Behavior\BuildLiteBehavior [ RunTime:0.000046s ]
INFO: [ app_init ] --END-- [ RunTime:0.000794s ]

[ 2016-03-04T21:44:03+08:00 ] 127.0.0.1 /index.php/Home/stock/index
INFO: [ app_init ] --START--
INFO: Run Behavior\BuildLiteBehavior [ RunTime:0.000047s ]
INFO: [ app_init ] --END-- [ RunTime:0.000838s ]

[ 2016-03-04T21:44:25+08:00 ] 127.0.0.1 /index.php/Home/stock/index
INFO: [ app_init ] --START--
INFO: Run Behavior\BuildLiteBehavior [ RunTime:0.000046s ]
INFO: [ app_init ] --END-- [ RunTime:0.000902s ]

[ 2016-03-04T21:44:31+08:00 ] 127.0.0.1 /index.php/Home/stock/index
INFO: [ app_init ] --START--
INFO: Run Behavior\BuildLiteBehavior [ RunTime:0.000047s ]
INFO: [ app_init ] --END-- [ RunTime:0.000849s ]

[ 2016-03-04T21:44:50+08:00 ] 127.0.0.1 /index.php/Home/stock/index
INFO: [ app_init ] --START--
INFO: Run Behavior\BuildLiteBehavior [ RunTime:0.000060s ]
INFO: [ app_init ] --END-- [ RunTime:0.000810s ]

[ 2016-03-04T21:44:56+08:00 ] 127.0.0.1 /index.php/Home/stock/index
INFO: [ app_init ] --START--
INFO: Run Behavior\BuildLiteBehavior [ RunTime:0.000049s ]
INFO: [ app_init ] --END-- [ RunTime:0.000951s ]

[ 2016-03-04T21:45:36+08:00 ] 127.0.0.1 /index.php/Home/stock/index
INFO: [ app_init ] --START--
INFO: Run Behavior\BuildLiteBehavior [ RunTime:0.000051s ]
INFO: [ app_init ] --END-- [ RunTime:0.001007s ]
ERR: SQLSTATE[42S22]: Column not found: 1054 Unknown column 'head' in 'field list'

[ 2016-03-04T21:46:02+08:00 ] 127.0.0.1 /index.php/Home/stock/index
INFO: [ app_init ] --START--
INFO: Run Behavior\BuildLiteBehavior [ RunTime:0.000048s ]
INFO: [ app_init ] --END-- [ RunTime:0.000852s ]

[ 2016-03-04T21:46:43+08:00 ] 127.0.0.1 /index.php/Home/stock/index
INFO: [ app_init ] --START--
INFO: Run Behavior\BuildLiteBehavior [ RunTime:0.000029s ]
INFO: [ app_init ] --END-- [ RunTime:0.000555s ]

[ 2016-03-04T21:46:49+08:00 ] 127.0.0.1 /index.php/Home/stock/index
INFO: [ app_init ] --START--
INFO: Run Behavior\BuildLiteBehavior [ RunTime:0.000028s ]
INFO: [ app_init ] --END-- [ RunTime:0.000530s ]

[ 2016-03-04T21:47:37+08:00 ] 127.0.0.1 /index.php/Home/stock/index
INFO: [ app_init ] --START--
INFO: Run Behavior\BuildLiteBehavior [ RunTime:0.000045s ]
INFO: [ app_init ] --END-- [ RunTime:0.000683s ]

[ 2016-03-04T21:47:44+08:00 ] 127.0.0.1 /index.php/Home/stock/index
INFO: [ app_init ] --START--
INFO: Run Behavior\BuildLiteBehavior [ RunTime:0.000046s ]
INFO: [ app_init ] --END-- [ RunTime:0.000809s ]

[ 2016-03-04T21:47:48+08:00 ] 127.0.0.1 /index.php/Home/stock/index
INFO: [ app_init ] --START--
INFO: Run Behavior\BuildLiteBehavior [ RunTime:0.000055s ]
INFO: [ app_init ] --END-- [ RunTime:0.001152s ]

[ 2016-03-04T21:47:55+08:00 ] 127.0.0.1 /index.php/Home/stock/index
INFO: [ app_init ] --START--
INFO: Run Behavior\BuildLiteBehavior [ RunTime:0.000045s ]
INFO: [ app_init ] --END-- [ RunTime:0.000870s ]

[ 2016-03-04T21:48:03+08:00 ] 127.0.0.1 /index.php/Home/stock/index
INFO: [ app_init ] --START--
INFO: Run Behavior\BuildLiteBehavior [ RunTime:0.000046s ]
INFO: [ app_init ] --END-- [ RunTime:0.000845s ]

[ 2016-03-04T22:46:14+08:00 ] 127.0.0.1 /index.php/Home/stock/index
INFO: [ app_init ] --START--
INFO: Run Behavior\BuildLiteBehavior [ RunTime:0.000030s ]
INFO: [ app_init ] --END-- [ RunTime:0.000568s ]

[ 2016-03-04T22:46:32+08:00 ] 127.0.0.1 /index.php/Home/stock/index
INFO: [ app_init ] --START--
INFO: Run Behavior\BuildLiteBehavior [ RunTime:0.000029s ]
INFO: [ app_init ] --END-- [ RunTime:0.000542s ]

