[ 2016-03-03T15:44:48+08:00 ] 127.0.0.1 /
INFO: [ app_init ] --START--
INFO: Run Behavior\BuildLiteBehavior [ RunTime:0.000058s ]
INFO: [ app_init ] --END-- [ RunTime:0.030196s ]

[ 2016-03-03T15:44:51+08:00 ] 127.0.0.1 /index.php/Home/Index/main
INFO: [ app_init ] --START--
INFO: Run Behavior\BuildLiteBehavior [ RunTime:0.000043s ]
INFO: [ app_init ] --END-- [ RunTime:0.000857s ]

[ 2016-03-03T15:44:54+08:00 ] 127.0.0.1 /index.php/Home/stock/index
INFO: [ app_init ] --START--
INFO: Run Behavior\BuildLiteBehavior [ RunTime:0.000044s ]
INFO: [ app_init ] --END-- [ RunTime:0.001008s ]

[ 2016-03-03T15:45:12+08:00 ] 127.0.0.1 /index.php/Home/stock/index?stock=1
INFO: [ app_init ] --START--
INFO: Run Behavior\BuildLiteBehavior [ RunTime:0.000046s ]
INFO: [ app_init ] --END-- [ RunTime:0.001068s ]

[ 2016-03-03T15:45:13+08:00 ] 127.0.0.1 /index.php/Home/stock/index?stock=0
INFO: [ app_init ] --START--
INFO: Run Behavior\BuildLiteBehavior [ RunTime:0.000048s ]
INFO: [ app_init ] --END-- [ RunTime:0.001487s ]

[ 2016-03-03T15:45:24+08:00 ] 127.0.0.1 /index.php/Home/Excel/expUser
INFO: [ app_init ] --START--
INFO: Run Behavior\BuildLiteBehavior [ RunTime:0.000052s ]
INFO: [ app_init ] --END-- [ RunTime:0.001333s ]

[ 2016-03-03T15:45:25+08:00 ] 127.0.0.1 /index.php/Home/Excel/expUser
INFO: [ app_init ] --START--
INFO: Run Behavior\BuildLiteBehavior [ RunTime:0.000045s ]
INFO: [ app_init ] --END-- [ RunTime:0.000967s ]

[ 2016-03-03T15:45:32+08:00 ] 127.0.0.1 /index.php/home/user/login.html
INFO: [ app_init ] --START--
INFO: Run Behavior\BuildLiteBehavior [ RunTime:0.000335s ]
INFO: [ app_init ] --END-- [ RunTime:0.001700s ]

[ 2016-03-03T15:45:32+08:00 ] 127.0.0.1 /index.php/Home/Public/code
INFO: [ app_init ] --START--
INFO: Run Behavior\BuildLiteBehavior [ RunTime:0.000075s ]
INFO: [ app_init ] --END-- [ RunTime:0.001946s ]

[ 2016-03-03T15:45:39+08:00 ] 127.0.0.1 /index.php/Home/Public/code?0.009631717577576637
INFO: [ app_init ] --START--
INFO: Run Behavior\BuildLiteBehavior [ RunTime:0.000048s ]
INFO: [ app_init ] --END-- [ RunTime:0.000936s ]

[ 2016-03-03T15:45:43+08:00 ] 127.0.0.1 /index.php/Home/User/login_check
INFO: [ app_init ] --START--
INFO: Run Behavior\BuildLiteBehavior [ RunTime:0.000069s ]
INFO: [ app_init ] --END-- [ RunTime:0.001280s ]

[ 2016-03-03T15:45:44+08:00 ] 127.0.0.1 /
INFO: [ app_init ] --START--
INFO: Run Behavior\BuildLiteBehavior [ RunTime:0.000072s ]
INFO: [ app_init ] --END-- [ RunTime:0.001369s ]

[ 2016-03-03T15:45:45+08:00 ] 127.0.0.1 /index.php/Home/Index/main
INFO: [ app_init ] --START--
INFO: Run Behavior\BuildLiteBehavior [ RunTime:0.000081s ]
INFO: [ app_init ] --END-- [ RunTime:0.001608s ]

[ 2016-03-03T15:45:48+08:00 ] 127.0.0.1 /index.php/Home/stock/index
INFO: [ app_init ] --START--
INFO: Run Behavior\BuildLiteBehavior [ RunTime:0.000069s ]
INFO: [ app_init ] --END-- [ RunTime:0.001360s ]

[ 2016-03-03T15:45:50+08:00 ] 127.0.0.1 /index.php/home/stock/index/p/2.html
INFO: [ app_init ] --START--
INFO: Run Behavior\BuildLiteBehavior [ RunTime:0.000042s ]
INFO: [ app_init ] --END-- [ RunTime:0.000990s ]

[ 2016-03-03T15:45:51+08:00 ] 127.0.0.1 /index.php/home/stock/index/p/1.html
INFO: [ app_init ] --START--
INFO: Run Behavior\BuildLiteBehavior [ RunTime:0.000063s ]
INFO: [ app_init ] --END-- [ RunTime:0.000979s ]

[ 2016-03-03T15:46:16+08:00 ] 127.0.0.1 /index.php/Home/stock/index
INFO: [ app_init ] --START--
INFO: Run Behavior\BuildLiteBehavior [ RunTime:0.000042s ]
INFO: [ app_init ] --END-- [ RunTime:0.000852s ]

[ 2016-03-03T15:48:04+08:00 ] 127.0.0.1 /index.php/Home/stock/index
INFO: [ app_init ] --START--
INFO: Run Behavior\BuildLiteBehavior [ RunTime:0.000044s ]
INFO: [ app_init ] --END-- [ RunTime:0.001180s ]

[ 2016-03-03T15:48:15+08:00 ] 127.0.0.1 /index.php/Home/stock/index
INFO: [ app_init ] --START--
INFO: Run Behavior\BuildLiteBehavior [ RunTime:0.000045s ]
INFO: [ app_init ] --END-- [ RunTime:0.001362s ]

[ 2016-03-03T15:48:43+08:00 ] 127.0.0.1 /index.php/Home/stock/index
INFO: [ app_init ] --START--
INFO: Run Behavior\BuildLiteBehavior [ RunTime:0.000042s ]
INFO: [ app_init ] --END-- [ RunTime:0.001175s ]

[ 2016-03-03T15:48:44+08:00 ] 127.0.0.1 /index.php/Home/stock/index
INFO: [ app_init ] --START--
INFO: Run Behavior\BuildLiteBehavior [ RunTime:0.000044s ]
INFO: [ app_init ] --END-- [ RunTime:0.001154s ]

[ 2016-03-03T15:48:45+08:00 ] 127.0.0.1 /index.php/Home/stock/index
INFO: [ app_init ] --START--
INFO: Run Behavior\BuildLiteBehavior [ RunTime:0.000045s ]
INFO: [ app_init ] --END-- [ RunTime:0.001252s ]

[ 2016-03-03T15:50:21+08:00 ] 127.0.0.1 /index.php/Home/stock/index
INFO: [ app_init ] --START--
INFO: Run Behavior\BuildLiteBehavior [ RunTime:0.000045s ]
INFO: [ app_init ] --END-- [ RunTime:0.001239s ]

[ 2016-03-03T15:50:22+08:00 ] 127.0.0.1 /index.php/Home/stock/index
INFO: [ app_init ] --START--
INFO: Run Behavior\BuildLiteBehavior [ RunTime:0.000047s ]
INFO: [ app_init ] --END-- [ RunTime:0.001096s ]

[ 2016-03-03T15:50:23+08:00 ] 127.0.0.1 /index.php/Home/stock/index
INFO: [ app_init ] --START--
INFO: Run Behavior\BuildLiteBehavior [ RunTime:0.000044s ]
INFO: [ app_init ] --END-- [ RunTime:0.001000s ]

[ 2016-03-03T15:50:26+08:00 ] 127.0.0.1 /
INFO: [ app_init ] --START--
INFO: Run Behavior\BuildLiteBehavior [ RunTime:0.000083s ]
INFO: [ app_init ] --END-- [ RunTime:0.001211s ]

[ 2016-03-03T15:50:28+08:00 ] 127.0.0.1 /index.php/Home/stock/index
INFO: [ app_init ] --START--
INFO: Run Behavior\BuildLiteBehavior [ RunTime:0.000162s ]
INFO: [ app_init ] --END-- [ RunTime:0.002706s ]

[ 2016-03-03T15:50:28+08:00 ] 127.0.0.1 /index.php/Home/stock/index
INFO: [ app_init ] --START--
INFO: Run Behavior\BuildLiteBehavior [ RunTime:0.000042s ]
INFO: [ app_init ] --END-- [ RunTime:0.001007s ]

[ 2016-03-03T15:51:29+08:00 ] 127.0.0.1 /index.php/Home/stock/index
INFO: [ app_init ] --START--
INFO: Run Behavior\BuildLiteBehavior [ RunTime:0.000047s ]
INFO: [ app_init ] --END-- [ RunTime:0.001090s ]

[ 2016-03-03T15:52:42+08:00 ] 127.0.0.1 /index.php/Home/stock/index
INFO: [ app_init ] --START--
INFO: Run Behavior\BuildLiteBehavior [ RunTime:0.000047s ]
INFO: [ app_init ] --END-- [ RunTime:0.000964s ]

[ 2016-03-03T15:52:43+08:00 ] 127.0.0.1 /index.php/Home/stock/index
INFO: [ app_init ] --START--
INFO: Run Behavior\BuildLiteBehavior [ RunTime:0.000084s ]
INFO: [ app_init ] --END-- [ RunTime:0.001572s ]

[ 2016-03-03T15:57:14+08:00 ] 127.0.0.1 /index.php/Home/stock/index
INFO: [ app_init ] --START--
INFO: Run Behavior\BuildLiteBehavior [ RunTime:0.000068s ]
INFO: [ app_init ] --END-- [ RunTime:0.001236s ]

[ 2016-03-03T15:57:15+08:00 ] 127.0.0.1 /index.php/Home/stock/index
INFO: [ app_init ] --START--
INFO: Run Behavior\BuildLiteBehavior [ RunTime:0.000044s ]
INFO: [ app_init ] --END-- [ RunTime:0.001206s ]

[ 2016-03-03T16:02:31+08:00 ] 127.0.0.1 /index.php/Home/stock/index
INFO: [ app_init ] --START--
INFO: Run Behavior\BuildLiteBehavior [ RunTime:0.000042s ]
INFO: [ app_init ] --END-- [ RunTime:0.000994s ]

[ 2016-03-03T16:02:33+08:00 ] 127.0.0.1 /index.php/Home/stock/index
INFO: [ app_init ] --START--
INFO: Run Behavior\BuildLiteBehavior [ RunTime:0.000046s ]
INFO: [ app_init ] --END-- [ RunTime:0.001555s ]

[ 2016-03-03T16:02:34+08:00 ] 127.0.0.1 /index.php/Home/stock/index
INFO: [ app_init ] --START--
INFO: Run Behavior\BuildLiteBehavior [ RunTime:0.000042s ]
INFO: [ app_init ] --END-- [ RunTime:0.001030s ]

[ 2016-03-03T16:02:37+08:00 ] 127.0.0.1 /index.php/Home/stock/index
INFO: [ app_init ] --START--
INFO: Run Behavior\BuildLiteBehavior [ RunTime:0.000045s ]
INFO: [ app_init ] --END-- [ RunTime:0.001014s ]

[ 2016-03-03T16:06:32+08:00 ] 127.0.0.1 /index.php/Home/stock/index
INFO: [ app_init ] --START--
INFO: Run Behavior\BuildLiteBehavior [ RunTime:0.000045s ]
INFO: [ app_init ] --END-- [ RunTime:0.000978s ]

[ 2016-03-03T16:07:07+08:00 ] 127.0.0.1 /index.php/Home/stock/index
INFO: [ app_init ] --START--
INFO: Run Behavior\BuildLiteBehavior [ RunTime:0.000041s ]
INFO: [ app_init ] --END-- [ RunTime:0.000980s ]

[ 2016-03-03T16:09:59+08:00 ] 127.0.0.1 /index.php/Home/stock/index
INFO: [ app_init ] --START--
INFO: Run Behavior\BuildLiteBehavior [ RunTime:0.000042s ]
INFO: [ app_init ] --END-- [ RunTime:0.001010s ]

[ 2016-03-03T16:11:00+08:00 ] 127.0.0.1 /index.php/Home/stock/index
INFO: [ app_init ] --START--
INFO: Run Behavior\BuildLiteBehavior [ RunTime:0.000044s ]
INFO: [ app_init ] --END-- [ RunTime:0.000923s ]

[ 2016-03-03T16:11:02+08:00 ] 127.0.0.1 /index.php/Home/stock/index
INFO: [ app_init ] --START--
INFO: Run Behavior\BuildLiteBehavior [ RunTime:0.000066s ]
INFO: [ app_init ] --END-- [ RunTime:0.001248s ]

[ 2016-03-03T16:11:03+08:00 ] 127.0.0.1 /index.php/Home/stock/index
INFO: [ app_init ] --START--
INFO: Run Behavior\BuildLiteBehavior [ RunTime:0.000043s ]
INFO: [ app_init ] --END-- [ RunTime:0.000990s ]

[ 2016-03-03T16:11:06+08:00 ] 127.0.0.1 /index.php/Home/stock/index
INFO: [ app_init ] --START--
INFO: Run Behavior\BuildLiteBehavior [ RunTime:0.000044s ]
INFO: [ app_init ] --END-- [ RunTime:0.001058s ]

[ 2016-03-03T16:11:15+08:00 ] 127.0.0.1 /index.php/Home/stock/index
INFO: [ app_init ] --START--
INFO: Run Behavior\BuildLiteBehavior [ RunTime:0.000071s ]
INFO: [ app_init ] --END-- [ RunTime:0.001370s ]

[ 2016-03-03T16:11:16+08:00 ] 127.0.0.1 /index.php/Home/stock/index
INFO: [ app_init ] --START--
INFO: Run Behavior\BuildLiteBehavior [ RunTime:0.000047s ]
INFO: [ app_init ] --END-- [ RunTime:0.000917s ]

[ 2016-03-03T16:11:31+08:00 ] 127.0.0.1 /index.php/Home/stock/index
INFO: [ app_init ] --START--
INFO: Run Behavior\BuildLiteBehavior [ RunTime:0.000045s ]
INFO: [ app_init ] --END-- [ RunTime:0.001001s ]

[ 2016-03-03T16:11:38+08:00 ] 127.0.0.1 /index.php/Home/stock/index
INFO: [ app_init ] --START--
INFO: Run Behavior\BuildLiteBehavior [ RunTime:0.000042s ]
INFO: [ app_init ] --END-- [ RunTime:0.000919s ]

[ 2016-03-03T16:11:42+08:00 ] 127.0.0.1 /index.php/Home/stock/index
INFO: [ app_init ] --START--
INFO: Run Behavior\BuildLiteBehavior [ RunTime:0.000046s ]
INFO: [ app_init ] --END-- [ RunTime:0.000902s ]

[ 2016-03-03T16:11:43+08:00 ] 127.0.0.1 /index.php/Home/stock/index
INFO: [ app_init ] --START--
INFO: Run Behavior\BuildLiteBehavior [ RunTime:0.000046s ]
INFO: [ app_init ] --END-- [ RunTime:0.001019s ]

[ 2016-03-03T16:11:44+08:00 ] 127.0.0.1 /index.php/Home/stock/index
INFO: [ app_init ] --START--
INFO: Run Behavior\BuildLiteBehavior [ RunTime:0.000044s ]
INFO: [ app_init ] --END-- [ RunTime:0.001060s ]

[ 2016-03-03T16:11:54+08:00 ] 127.0.0.1 /index.php/Home/stock/index
INFO: [ app_init ] --START--
INFO: Run Behavior\BuildLiteBehavior [ RunTime:0.000049s ]
INFO: [ app_init ] --END-- [ RunTime:0.001210s ]

[ 2016-03-03T16:12:29+08:00 ] 127.0.0.1 /index.php/Home/stock/index
INFO: [ app_init ] --START--
INFO: Run Behavior\BuildLiteBehavior [ RunTime:0.000044s ]
INFO: [ app_init ] --END-- [ RunTime:0.000950s ]

[ 2016-03-03T16:12:48+08:00 ] 127.0.0.1 /index.php/Home/stock/index
INFO: [ app_init ] --START--
INFO: Run Behavior\BuildLiteBehavior [ RunTime:0.000042s ]
INFO: [ app_init ] --END-- [ RunTime:0.000951s ]

[ 2016-03-03T16:12:55+08:00 ] 127.0.0.1 /index.php/Home/stock/index
INFO: [ app_init ] --START--
INFO: Run Behavior\BuildLiteBehavior [ RunTime:0.000043s ]
INFO: [ app_init ] --END-- [ RunTime:0.000921s ]

[ 2016-03-03T16:13:04+08:00 ] 127.0.0.1 /index.php/Home/stock/index
INFO: [ app_init ] --START--
INFO: Run Behavior\BuildLiteBehavior [ RunTime:0.000044s ]
INFO: [ app_init ] --END-- [ RunTime:0.000930s ]

[ 2016-03-03T16:22:04+08:00 ] 127.0.0.1 /index.php/Home/stock/index
INFO: [ app_init ] --START--
INFO: Run Behavior\BuildLiteBehavior [ RunTime:0.000069s ]
INFO: [ app_init ] --END-- [ RunTime:0.001245s ]
ERR: SQLSTATE[42S02]: Base table or view not found: 1146 Table 'stock.fli_stock_user' doesn't exist

[ 2016-03-03T16:22:14+08:00 ] 127.0.0.1 /index.php/Home/stock/index
INFO: [ app_init ] --START--
INFO: Run Behavior\BuildLiteBehavior [ RunTime:0.000070s ]
INFO: [ app_init ] --END-- [ RunTime:0.001390s ]

[ 2016-03-03T16:27:46+08:00 ] 127.0.0.1 /index.php/Home/stock/index
INFO: [ app_init ] --START--
INFO: Run Behavior\BuildLiteBehavior [ RunTime:0.000046s ]
INFO: [ app_init ] --END-- [ RunTime:0.001022s ]

[ 2016-03-03T16:27:47+08:00 ] 127.0.0.1 /index.php/Home/stock/index
INFO: [ app_init ] --START--
INFO: Run Behavior\BuildLiteBehavior [ RunTime:0.000042s ]
INFO: [ app_init ] --END-- [ RunTime:0.001014s ]

[ 2016-03-03T16:27:53+08:00 ] 127.0.0.1 /index.php/Home/stock/index
INFO: [ app_init ] --START--
INFO: Run Behavior\BuildLiteBehavior [ RunTime:0.000042s ]
INFO: [ app_init ] --END-- [ RunTime:0.000952s ]

[ 2016-03-03T16:27:54+08:00 ] 127.0.0.1 /index.php/Home/stock/index
INFO: [ app_init ] --START--
INFO: Run Behavior\BuildLiteBehavior [ RunTime:0.000048s ]
INFO: [ app_init ] --END-- [ RunTime:0.001108s ]

[ 2016-03-03T16:27:55+08:00 ] 127.0.0.1 /index.php/Home/stock/index
INFO: [ app_init ] --START--
INFO: Run Behavior\BuildLiteBehavior [ RunTime:0.000045s ]
INFO: [ app_init ] --END-- [ RunTime:0.001200s ]

[ 2016-03-03T16:28:05+08:00 ] 127.0.0.1 /index.php/Home/stock/index
INFO: [ app_init ] --START--
INFO: Run Behavior\BuildLiteBehavior [ RunTime:0.000044s ]
INFO: [ app_init ] --END-- [ RunTime:0.000998s ]
ERR: SQLSTATE[42S02]: Base table or view not found: 1146 Table 'stock.fli_stock_user' doesn't exist

[ 2016-03-03T16:28:10+08:00 ] 127.0.0.1 /index.php/Home/stock/index
INFO: [ app_init ] --START--
INFO: Run Behavior\BuildLiteBehavior [ RunTime:0.000071s ]
INFO: [ app_init ] --END-- [ RunTime:0.001418s ]
ERR: SQLSTATE[42S22]: Column not found: 1054 Unknown column 'UID' in 'where clause'

[ 2016-03-03T16:28:10+08:00 ] 127.0.0.1 /index.php/Home/stock/index
INFO: [ app_init ] --START--
INFO: Run Behavior\BuildLiteBehavior [ RunTime:0.000046s ]
INFO: [ app_init ] --END-- [ RunTime:0.000949s ]
ERR: SQLSTATE[42S22]: Column not found: 1054 Unknown column 'UID' in 'where clause'

[ 2016-03-03T16:28:14+08:00 ] 127.0.0.1 /index.php/Home/stock/index
INFO: [ app_init ] --START--
INFO: Run Behavior\BuildLiteBehavior [ RunTime:0.000042s ]
INFO: [ app_init ] --END-- [ RunTime:0.000946s ]

[ 2016-03-03T16:28:43+08:00 ] 127.0.0.1 /index.php/Home/stock/index
INFO: [ app_init ] --START--
INFO: Run Behavior\BuildLiteBehavior [ RunTime:0.000068s ]
INFO: [ app_init ] --END-- [ RunTime:0.001335s ]

[ 2016-03-03T16:28:44+08:00 ] 127.0.0.1 /index.php/Home/stock/index
INFO: [ app_init ] --START--
INFO: Run Behavior\BuildLiteBehavior [ RunTime:0.000042s ]
INFO: [ app_init ] --END-- [ RunTime:0.000925s ]

[ 2016-03-03T16:29:07+08:00 ] 127.0.0.1 /index.php/Home/stock/index
INFO: [ app_init ] --START--
INFO: Run Behavior\BuildLiteBehavior [ RunTime:0.000042s ]
INFO: [ app_init ] --END-- [ RunTime:0.000928s ]

[ 2016-03-03T16:29:07+08:00 ] 127.0.0.1 /index.php/Home/stock/index
INFO: [ app_init ] --START--
INFO: Run Behavior\BuildLiteBehavior [ RunTime:0.000044s ]
INFO: [ app_init ] --END-- [ RunTime:0.001045s ]

[ 2016-03-03T16:31:49+08:00 ] 127.0.0.1 /index.php/Home/stock/index
INFO: [ app_init ] --START--
INFO: Run Behavior\BuildLiteBehavior [ RunTime:0.000043s ]
INFO: [ app_init ] --END-- [ RunTime:0.001032s ]

[ 2016-03-03T16:31:50+08:00 ] 127.0.0.1 /index.php/Home/stock/index
INFO: [ app_init ] --START--
INFO: Run Behavior\BuildLiteBehavior [ RunTime:0.000079s ]
INFO: [ app_init ] --END-- [ RunTime:0.000992s ]

[ 2016-03-03T16:32:08+08:00 ] 127.0.0.1 /index.php/Home/stock/index
INFO: [ app_init ] --START--
INFO: Run Behavior\BuildLiteBehavior [ RunTime:0.000042s ]
INFO: [ app_init ] --END-- [ RunTime:0.001015s ]

[ 2016-03-03T16:32:08+08:00 ] 127.0.0.1 /index.php/Home/stock/index
INFO: [ app_init ] --START--
INFO: Run Behavior\BuildLiteBehavior [ RunTime:0.000045s ]
INFO: [ app_init ] --END-- [ RunTime:0.001082s ]

[ 2016-03-03T16:35:43+08:00 ] 127.0.0.1 /index.php/Home/stock/index
INFO: [ app_init ] --START--
INFO: Run Behavior\BuildLiteBehavior [ RunTime:0.000045s ]
INFO: [ app_init ] --END-- [ RunTime:0.001012s ]
ERR: SQLSTATE[42S22]: Column not found: 1054 Unknown column 'UID' in 'where clause'

[ 2016-03-03T16:35:54+08:00 ] 127.0.0.1 /index.php/Home/stock/index
INFO: [ app_init ] --START--
INFO: Run Behavior\BuildLiteBehavior [ RunTime:0.000044s ]
INFO: [ app_init ] --END-- [ RunTime:0.001046s ]

[ 2016-03-03T16:35:55+08:00 ] 127.0.0.1 /index.php/Home/stock/index
INFO: [ app_init ] --START--
INFO: Run Behavior\BuildLiteBehavior [ RunTime:0.000046s ]
INFO: [ app_init ] --END-- [ RunTime:0.001119s ]

[ 2016-03-03T16:35:56+08:00 ] 127.0.0.1 /index.php/Home/stock/index
INFO: [ app_init ] --START--
INFO: Run Behavior\BuildLiteBehavior [ RunTime:0.000043s ]
INFO: [ app_init ] --END-- [ RunTime:0.000962s ]

[ 2016-03-03T16:36:00+08:00 ] 127.0.0.1 /index.php/Home/stock/index
INFO: [ app_init ] --START--
INFO: Run Behavior\BuildLiteBehavior [ RunTime:0.000046s ]
INFO: [ app_init ] --END-- [ RunTime:0.000958s ]
ERR: SQLSTATE[42S22]: Column not found: 1054 Unknown column 'UID' in 'where clause'

[ 2016-03-03T16:39:57+08:00 ] 127.0.0.1 /index.php/Home/stock/index
INFO: [ app_init ] --START--
INFO: Run Behavior\BuildLiteBehavior [ RunTime:0.000077s ]
INFO: [ app_init ] --END-- [ RunTime:0.001408s ]

[ 2016-03-03T16:40:48+08:00 ] 127.0.0.1 /index.php/Home/stock/index
INFO: [ app_init ] --START--
INFO: Run Behavior\BuildLiteBehavior [ RunTime:0.000048s ]
INFO: [ app_init ] --END-- [ RunTime:0.001367s ]

[ 2016-03-03T16:40:49+08:00 ] 127.0.0.1 /index.php/Home/stock/index
INFO: [ app_init ] --START--
INFO: Run Behavior\BuildLiteBehavior [ RunTime:0.000043s ]
INFO: [ app_init ] --END-- [ RunTime:0.000934s ]

[ 2016-03-03T16:40:53+08:00 ] 127.0.0.1 /
INFO: [ app_init ] --START--
INFO: Run Behavior\BuildLiteBehavior [ RunTime:0.000046s ]
INFO: [ app_init ] --END-- [ RunTime:0.001065s ]

[ 2016-03-03T16:40:54+08:00 ] 127.0.0.1 /index.php/Home/stock/index
INFO: [ app_init ] --START--
INFO: Run Behavior\BuildLiteBehavior [ RunTime:0.000074s ]
INFO: [ app_init ] --END-- [ RunTime:0.002694s ]

[ 2016-03-03T16:40:55+08:00 ] 127.0.0.1 /index.php/Home/stock/index
INFO: [ app_init ] --START--
INFO: Run Behavior\BuildLiteBehavior [ RunTime:0.000044s ]
INFO: [ app_init ] --END-- [ RunTime:0.001107s ]

[ 2016-03-03T16:40:58+08:00 ] 127.0.0.1 /index.php/Home/stock/index
INFO: [ app_init ] --START--
INFO: Run Behavior\BuildLiteBehavior [ RunTime:0.000045s ]
INFO: [ app_init ] --END-- [ RunTime:0.001048s ]

[ 2016-03-03T16:45:06+08:00 ] 127.0.0.1 /index.php/Home/stock/index
INFO: [ app_init ] --START--
INFO: Run Behavior\BuildLiteBehavior [ RunTime:0.000045s ]
INFO: [ app_init ] --END-- [ RunTime:0.001019s ]

[ 2016-03-03T16:48:15+08:00 ] 127.0.0.1 /index.php/Home/stock/index
INFO: [ app_init ] --START--
INFO: Run Behavior\BuildLiteBehavior [ RunTime:0.000059s ]
INFO: [ app_init ] --END-- [ RunTime:0.000975s ]
ERR: SQLSTATE[42S22]: Column not found: 1054 Unknown column 'UID' in 'where clause'

[ 2016-03-03T16:48:24+08:00 ] 127.0.0.1 /index.php/Home/stock/index
INFO: [ app_init ] --START--
INFO: Run Behavior\BuildLiteBehavior [ RunTime:0.000044s ]
INFO: [ app_init ] --END-- [ RunTime:0.000923s ]

[ 2016-03-03T16:48:49+08:00 ] 127.0.0.1 /index.php/Home/stock/index
INFO: [ app_init ] --START--
INFO: Run Behavior\BuildLiteBehavior [ RunTime:0.000045s ]
INFO: [ app_init ] --END-- [ RunTime:0.001157s ]
ERR: SQLSTATE[42S22]: Column not found: 1054 Unknown column 'stock_id' in 'where clause'

[ 2016-03-03T16:49:01+08:00 ] 127.0.0.1 /index.php/Home/stock/index
INFO: [ app_init ] --START--
INFO: Run Behavior\BuildLiteBehavior [ RunTime:0.000044s ]
INFO: [ app_init ] --END-- [ RunTime:0.001022s ]

[ 2016-03-03T16:50:38+08:00 ] 127.0.0.1 /index.php/Home/stock/index
INFO: [ app_init ] --START--
INFO: Run Behavior\BuildLiteBehavior [ RunTime:0.000046s ]
INFO: [ app_init ] --END-- [ RunTime:0.001239s ]
ERR: SQLSTATE[42S22]: Column not found: 1054 Unknown column 'UID' in 'where clause'

[ 2016-03-03T16:52:51+08:00 ] 127.0.0.1 /index.php/Home/stock/index
INFO: [ app_init ] --START--
INFO: Run Behavior\BuildLiteBehavior [ RunTime:0.000045s ]
INFO: [ app_init ] --END-- [ RunTime:0.000988s ]
ERR: SQLSTATE[42S22]: Column not found: 1054 Unknown column 'UID' in 'where clause'

[ 2016-03-03T16:53:05+08:00 ] 127.0.0.1 /index.php/Home/stock/index
INFO: [ app_init ] --START--
INFO: Run Behavior\BuildLiteBehavior [ RunTime:0.000044s ]
INFO: [ app_init ] --END-- [ RunTime:0.000947s ]

[ 2016-03-03T16:53:17+08:00 ] 127.0.0.1 /index.php/Home/stock/index
INFO: [ app_init ] --START--
INFO: Run Behavior\BuildLiteBehavior [ RunTime:0.000048s ]
INFO: [ app_init ] --END-- [ RunTime:0.001154s ]

[ 2016-03-03T17:10:35+08:00 ] 127.0.0.1 /index.php/Home/stock/index
INFO: [ app_init ] --START--
INFO: Run Behavior\BuildLiteBehavior [ RunTime:0.000075s ]
INFO: [ app_init ] --END-- [ RunTime:0.001496s ]

[ 2016-03-03T17:10:47+08:00 ] 127.0.0.1 /index.php/Home/stock/index
INFO: [ app_init ] --START--
INFO: Run Behavior\BuildLiteBehavior [ RunTime:0.000065s ]
INFO: [ app_init ] --END-- [ RunTime:0.001077s ]
ERR: SQLSTATE[42S22]: Column not found: 1054 Unknown column 'UID' in 'where clause'

[ 2016-03-03T17:13:06+08:00 ] 127.0.0.1 /index.php/Home/stock/index
INFO: [ app_init ] --START--
INFO: Run Behavior\BuildLiteBehavior [ RunTime:0.000045s ]
INFO: [ app_init ] --END-- [ RunTime:0.001036s ]

[ 2016-03-03T17:13:24+08:00 ] 127.0.0.1 /index.php/Home/stock/index
INFO: [ app_init ] --START--
INFO: Run Behavior\BuildLiteBehavior [ RunTime:0.000045s ]
INFO: [ app_init ] --END-- [ RunTime:0.001043s ]

[ 2016-03-03T17:13:32+08:00 ] 127.0.0.1 /index.php/Home/stock/index
INFO: [ app_init ] --START--
INFO: Run Behavior\BuildLiteBehavior [ RunTime:0.000042s ]
INFO: [ app_init ] --END-- [ RunTime:0.000971s ]

[ 2016-03-03T17:13:56+08:00 ] 127.0.0.1 /index.php/Home/stock/index
INFO: [ app_init ] --START--
INFO: Run Behavior\BuildLiteBehavior [ RunTime:0.000043s ]
INFO: [ app_init ] --END-- [ RunTime:0.000920s ]
ERR: SQLSTATE[42S02]: Base table or view not found: 1146 Table 'stock.fli_stock_user' doesn't exist

[ 2016-03-03T17:14:01+08:00 ] 127.0.0.1 /index.php/Home/stock/index
INFO: [ app_init ] --START--
INFO: Run Behavior\BuildLiteBehavior [ RunTime:0.000046s ]
INFO: [ app_init ] --END-- [ RunTime:0.001081s ]

[ 2016-03-03T17:14:38+08:00 ] 127.0.0.1 /index.php/Home/stock/index
INFO: [ app_init ] --START--
INFO: Run Behavior\BuildLiteBehavior [ RunTime:0.000043s ]
INFO: [ app_init ] --END-- [ RunTime:0.000898s ]

[ 2016-03-03T17:14:39+08:00 ] 127.0.0.1 /index.php/Home/stock/index
INFO: [ app_init ] --START--
INFO: Run Behavior\BuildLiteBehavior [ RunTime:0.000043s ]
INFO: [ app_init ] --END-- [ RunTime:0.001002s ]

[ 2016-03-03T17:16:05+08:00 ] 127.0.0.1 /index.php/Home/stock/index
INFO: [ app_init ] --START--
INFO: Run Behavior\BuildLiteBehavior [ RunTime:0.000093s ]
INFO: [ app_init ] --END-- [ RunTime:0.000986s ]

[ 2016-03-03T17:16:06+08:00 ] 127.0.0.1 /index.php/Home/stock/index
INFO: [ app_init ] --START--
INFO: Run Behavior\BuildLiteBehavior [ RunTime:0.000043s ]
INFO: [ app_init ] --END-- [ RunTime:0.000946s ]

[ 2016-03-03T17:16:20+08:00 ] 127.0.0.1 /index.php/Home/stock/index
INFO: [ app_init ] --START--
INFO: Run Behavior\BuildLiteBehavior [ RunTime:0.000045s ]
INFO: [ app_init ] --END-- [ RunTime:0.000921s ]

[ 2016-03-03T17:17:02+08:00 ] 127.0.0.1 /index.php/Home/stock/index
INFO: [ app_init ] --START--
INFO: Run Behavior\BuildLiteBehavior [ RunTime:0.000043s ]
INFO: [ app_init ] --END-- [ RunTime:0.000939s ]

[ 2016-03-03T17:17:13+08:00 ] 127.0.0.1 /index.php/Home/stock/index
INFO: [ app_init ] --START--
INFO: Run Behavior\BuildLiteBehavior [ RunTime:0.000045s ]
INFO: [ app_init ] --END-- [ RunTime:0.000924s ]
ERR: SQLSTATE[42S22]: Column not found: 1054 Unknown column 'uid' in 'where clause'

[ 2016-03-03T17:17:18+08:00 ] 127.0.0.1 /index.php/Home/stock/index
INFO: [ app_init ] --START--
INFO: Run Behavior\BuildLiteBehavior [ RunTime:0.000043s ]
INFO: [ app_init ] --END-- [ RunTime:0.001032s ]

[ 2016-03-03T17:19:34+08:00 ] 127.0.0.1 /index.php/Home/stock/index
INFO: [ app_init ] --START--
INFO: Run Behavior\BuildLiteBehavior [ RunTime:0.000069s ]
INFO: [ app_init ] --END-- [ RunTime:0.001423s ]
ERR: SQLSTATE[42S22]: Column not found: 1054 Unknown column 'stock_id' in 'where clause'

[ 2016-03-03T17:19:44+08:00 ] 127.0.0.1 /index.php/Home/stock/index
INFO: [ app_init ] --START--
INFO: Run Behavior\BuildLiteBehavior [ RunTime:0.000046s ]
INFO: [ app_init ] --END-- [ RunTime:0.001009s ]

[ 2016-03-03T17:29:45+08:00 ] 127.0.0.1 /index.php/Home/stock/index
INFO: [ app_init ] --START--
INFO: Run Behavior\BuildLiteBehavior [ RunTime:0.000043s ]
INFO: [ app_init ] --END-- [ RunTime:0.000905s ]

[ 2016-03-03T17:29:46+08:00 ] 127.0.0.1 /index.php/Home/stock/index
INFO: [ app_init ] --START--
INFO: Run Behavior\BuildLiteBehavior [ RunTime:0.000044s ]
INFO: [ app_init ] --END-- [ RunTime:0.000914s ]

[ 2016-03-03T17:29:47+08:00 ] 127.0.0.1 /index.php/Home/stock/index
INFO: [ app_init ] --START--
INFO: Run Behavior\BuildLiteBehavior [ RunTime:0.000045s ]
INFO: [ app_init ] --END-- [ RunTime:0.001097s ]

[ 2016-03-03T17:30:01+08:00 ] 127.0.0.1 /index.php/Home/stock/index
INFO: [ app_init ] --START--
INFO: Run Behavior\BuildLiteBehavior [ RunTime:0.000044s ]
INFO: [ app_init ] --END-- [ RunTime:0.001056s ]

[ 2016-03-03T17:30:01+08:00 ] 127.0.0.1 /index.php/Home/stock/index
INFO: [ app_init ] --START--
INFO: Run Behavior\BuildLiteBehavior [ RunTime:0.000043s ]
INFO: [ app_init ] --END-- [ RunTime:0.001051s ]

[ 2016-03-03T17:30:59+08:00 ] 127.0.0.1 /index.php/Home/stock/index
INFO: [ app_init ] --START--
INFO: Run Behavior\BuildLiteBehavior [ RunTime:0.000045s ]
INFO: [ app_init ] --END-- [ RunTime:0.000933s ]

[ 2016-03-03T17:31:00+08:00 ] 127.0.0.1 /index.php/Home/stock/index
INFO: [ app_init ] --START--
INFO: Run Behavior\BuildLiteBehavior [ RunTime:0.000045s ]
INFO: [ app_init ] --END-- [ RunTime:0.000997s ]

[ 2016-03-03T17:31:09+08:00 ] 127.0.0.1 /
INFO: [ app_init ] --START--
INFO: Run Behavior\BuildLiteBehavior [ RunTime:0.000046s ]
INFO: [ app_init ] --END-- [ RunTime:0.000962s ]

[ 2016-03-03T17:31:10+08:00 ] 127.0.0.1 /index.php/Home/stock/index
INFO: [ app_init ] --START--
INFO: Run Behavior\BuildLiteBehavior [ RunTime:0.000079s ]
INFO: [ app_init ] --END-- [ RunTime:0.001592s ]

[ 2016-03-03T17:31:17+08:00 ] 127.0.0.1 /
INFO: [ app_init ] --START--
INFO: Run Behavior\BuildLiteBehavior [ RunTime:0.000044s ]
INFO: [ app_init ] --END-- [ RunTime:0.000982s ]

[ 2016-03-03T17:31:18+08:00 ] 127.0.0.1 /index.php/Home/stock/index
INFO: [ app_init ] --START--
INFO: Run Behavior\BuildLiteBehavior [ RunTime:0.000126s ]
INFO: [ app_init ] --END-- [ RunTime:0.001861s ]

[ 2016-03-03T17:31:21+08:00 ] 127.0.0.1 /index.php/Home/stock/index
INFO: [ app_init ] --START--
INFO: Run Behavior\BuildLiteBehavior [ RunTime:0.000045s ]
INFO: [ app_init ] --END-- [ RunTime:0.001098s ]

[ 2016-03-03T17:31:21+08:00 ] 127.0.0.1 /index.php/Home/stock/index
INFO: [ app_init ] --START--
INFO: Run Behavior\BuildLiteBehavior [ RunTime:0.000046s ]
INFO: [ app_init ] --END-- [ RunTime:0.000915s ]

[ 2016-03-03T17:31:36+08:00 ] 127.0.0.1 /index.php/Home/stock/index
INFO: [ app_init ] --START--
INFO: Run Behavior\BuildLiteBehavior [ RunTime:0.000043s ]
INFO: [ app_init ] --END-- [ RunTime:0.000967s ]

[ 2016-03-03T17:31:40+08:00 ] 127.0.0.1 /index.php/Home/stock/index
INFO: [ app_init ] --START--
INFO: Run Behavior\BuildLiteBehavior [ RunTime:0.000044s ]
INFO: [ app_init ] --END-- [ RunTime:0.000997s ]

[ 2016-03-03T17:31:50+08:00 ] 127.0.0.1 /index.php/Home/stock/index
INFO: [ app_init ] --START--
INFO: Run Behavior\BuildLiteBehavior [ RunTime:0.000044s ]
INFO: [ app_init ] --END-- [ RunTime:0.000980s ]
ERR: SQLSTATE[42S22]: Column not found: 1054 Unknown column 'UID' in 'where clause'

[ 2016-03-03T17:31:53+08:00 ] 127.0.0.1 /index.php/Home/stock/index
INFO: [ app_init ] --START--
INFO: Run Behavior\BuildLiteBehavior [ RunTime:0.000046s ]
INFO: [ app_init ] --END-- [ RunTime:0.001008s ]
ERR: SQLSTATE[42S22]: Column not found: 1054 Unknown column 'UID' in 'where clause'

[ 2016-03-03T17:47:34+08:00 ] 127.0.0.1 /index.php/Home/stock/index
INFO: [ app_init ] --START--
INFO: Run Behavior\BuildLiteBehavior [ RunTime:0.000044s ]
INFO: [ app_init ] --END-- [ RunTime:0.000994s ]

[ 2016-03-03T17:47:40+08:00 ] 127.0.0.1 /index.php/Home/stock/index
INFO: [ app_init ] --START--
INFO: Run Behavior\BuildLiteBehavior [ RunTime:0.000045s ]
INFO: [ app_init ] --END-- [ RunTime:0.000928s ]

[ 2016-03-03T17:53:12+08:00 ] 127.0.0.1 /index.php/Home/stock/index
INFO: [ app_init ] --START--
INFO: Run Behavior\BuildLiteBehavior [ RunTime:0.000044s ]
INFO: [ app_init ] --END-- [ RunTime:0.000938s ]

[ 2016-03-03T17:55:53+08:00 ] 127.0.0.1 /index.php/Home/stock/index
INFO: [ app_init ] --START--
INFO: Run Behavior\BuildLiteBehavior [ RunTime:0.000044s ]
INFO: [ app_init ] --END-- [ RunTime:0.000974s ]

[ 2016-03-03T17:55:54+08:00 ] 127.0.0.1 /index.php/Home/stock/index
INFO: [ app_init ] --START--
INFO: Run Behavior\BuildLiteBehavior [ RunTime:0.000045s ]
INFO: [ app_init ] --END-- [ RunTime:0.001095s ]

[ 2016-03-03T17:55:55+08:00 ] 127.0.0.1 /index.php/Home/stock/index
INFO: [ app_init ] --START--
INFO: Run Behavior\BuildLiteBehavior [ RunTime:0.000044s ]
INFO: [ app_init ] --END-- [ RunTime:0.000991s ]

[ 2016-03-03T17:55:55+08:00 ] 127.0.0.1 /index.php/Home/stock/index
INFO: [ app_init ] --START--
INFO: Run Behavior\BuildLiteBehavior [ RunTime:0.000043s ]
INFO: [ app_init ] --END-- [ RunTime:0.000920s ]

[ 2016-03-03T17:56:37+08:00 ] 127.0.0.1 /index.php/Home/stock/index
INFO: [ app_init ] --START--
INFO: Run Behavior\BuildLiteBehavior [ RunTime:0.000042s ]
INFO: [ app_init ] --END-- [ RunTime:0.000986s ]

[ 2016-03-03T17:57:52+08:00 ] 127.0.0.1 /index.php/Home/stock/index
INFO: [ app_init ] --START--
INFO: Run Behavior\BuildLiteBehavior [ RunTime:0.000044s ]
INFO: [ app_init ] --END-- [ RunTime:0.000949s ]
ERR: SQLSTATE[42S22]: Column not found: 1054 Unknown column 'UID' in 'where clause'

[ 2016-03-03T17:57:59+08:00 ] 127.0.0.1 /index.php/Home/stock/index
INFO: [ app_init ] --START--
INFO: Run Behavior\BuildLiteBehavior [ RunTime:0.000043s ]
INFO: [ app_init ] --END-- [ RunTime:0.000954s ]

[ 2016-03-03T17:58:41+08:00 ] 127.0.0.1 /index.php/Home/stock/index
INFO: [ app_init ] --START--
INFO: Run Behavior\BuildLiteBehavior [ RunTime:0.000044s ]
INFO: [ app_init ] --END-- [ RunTime:0.001038s ]

[ 2016-03-03T17:59:09+08:00 ] 127.0.0.1 /index.php/Home/stock/index
INFO: [ app_init ] --START--
INFO: Run Behavior\BuildLiteBehavior [ RunTime:0.000044s ]
INFO: [ app_init ] --END-- [ RunTime:0.001029s ]

[ 2016-03-03T17:59:22+08:00 ] 127.0.0.1 /index.php/Home/stock/index
INFO: [ app_init ] --START--
INFO: Run Behavior\BuildLiteBehavior [ RunTime:0.000043s ]
INFO: [ app_init ] --END-- [ RunTime:0.001083s ]

[ 2016-03-03T17:59:30+08:00 ] 127.0.0.1 /index.php/Home/stock/index
INFO: [ app_init ] --START--
INFO: Run Behavior\BuildLiteBehavior [ RunTime:0.000045s ]
INFO: [ app_init ] --END-- [ RunTime:0.001112s ]

[ 2016-03-03T17:59:59+08:00 ] 127.0.0.1 /index.php/Home/stock/index
INFO: [ app_init ] --START--
INFO: Run Behavior\BuildLiteBehavior [ RunTime:0.000042s ]
INFO: [ app_init ] --END-- [ RunTime:0.000942s ]

[ 2016-03-03T18:00:05+08:00 ] 127.0.0.1 /index.php/Home/stock/index
INFO: [ app_init ] --START--
INFO: Run Behavior\BuildLiteBehavior [ RunTime:0.000043s ]
INFO: [ app_init ] --END-- [ RunTime:0.001043s ]

[ 2016-03-03T18:01:34+08:00 ] 127.0.0.1 /index.php/Home/stock/index
INFO: [ app_init ] --START--
INFO: Run Behavior\BuildLiteBehavior [ RunTime:0.000042s ]
INFO: [ app_init ] --END-- [ RunTime:0.000918s ]

[ 2016-03-03T18:01:51+08:00 ] 127.0.0.1 /index.php/Home/stock/index
INFO: [ app_init ] --START--
INFO: Run Behavior\BuildLiteBehavior [ RunTime:0.000042s ]
INFO: [ app_init ] --END-- [ RunTime:0.000973s ]

[ 2016-03-03T18:02:25+08:00 ] 127.0.0.1 /index.php/Home/stock/index
INFO: [ app_init ] --START--
INFO: Run Behavior\BuildLiteBehavior [ RunTime:0.000043s ]
INFO: [ app_init ] --END-- [ RunTime:0.001025s ]

[ 2016-03-03T18:03:25+08:00 ] 127.0.0.1 /index.php/Home/stock/index
INFO: [ app_init ] --START--
INFO: Run Behavior\BuildLiteBehavior [ RunTime:0.000076s ]
INFO: [ app_init ] --END-- [ RunTime:0.001465s ]

[ 2016-03-03T18:03:33+08:00 ] 127.0.0.1 /index.php/Home/stock/index
INFO: [ app_init ] --START--
INFO: Run Behavior\BuildLiteBehavior [ RunTime:0.000043s ]
INFO: [ app_init ] --END-- [ RunTime:0.000968s ]

[ 2016-03-03T18:03:35+08:00 ] 127.0.0.1 /index.php/Home/stock/index
INFO: [ app_init ] --START--
INFO: Run Behavior\BuildLiteBehavior [ RunTime:0.000079s ]
INFO: [ app_init ] --END-- [ RunTime:0.001048s ]

[ 2016-03-03T18:13:35+08:00 ] 127.0.0.1 /index.php/Home/stock/index
INFO: [ app_init ] --START--
INFO: Run Behavior\BuildLiteBehavior [ RunTime:0.000044s ]
INFO: [ app_init ] --END-- [ RunTime:0.001050s ]

[ 2016-03-03T18:18:05+08:00 ] 127.0.0.1 /index.php/Home/stock/index
INFO: [ app_init ] --START--
INFO: Run Behavior\BuildLiteBehavior [ RunTime:0.000042s ]
INFO: [ app_init ] --END-- [ RunTime:0.000958s ]
ERR: SQLSTATE[42S22]: Column not found: 1054 Unknown column 'UID' in 'where clause'

[ 2016-03-03T18:18:38+08:00 ] 127.0.0.1 /index.php/Home/stock/index
INFO: [ app_init ] --START--
INFO: Run Behavior\BuildLiteBehavior [ RunTime:0.000044s ]
INFO: [ app_init ] --END-- [ RunTime:0.001040s ]
ERR: SQLSTATE[42S22]: Column not found: 1054 Unknown column 'UID' in 'where clause'

[ 2016-03-03T18:18:49+08:00 ] 127.0.0.1 /index.php/Home/stock/index
INFO: [ app_init ] --START--
INFO: Run Behavior\BuildLiteBehavior [ RunTime:0.000071s ]
INFO: [ app_init ] --END-- [ RunTime:0.001290s ]
ERR: SQLSTATE[42S22]: Column not found: 1054 Unknown column 'UID' in 'where clause'

[ 2016-03-03T18:18:54+08:00 ] 127.0.0.1 /index.php/Home/stock/index
INFO: [ app_init ] --START--
INFO: Run Behavior\BuildLiteBehavior [ RunTime:0.000053s ]
INFO: [ app_init ] --END-- [ RunTime:0.000936s ]

[ 2016-03-03T18:20:40+08:00 ] 127.0.0.1 /index.php/Home/stock/index
INFO: [ app_init ] --START--
INFO: Run Behavior\BuildLiteBehavior [ RunTime:0.000047s ]
INFO: [ app_init ] --END-- [ RunTime:0.001215s ]

[ 2016-03-03T18:21:31+08:00 ] 127.0.0.1 /index.php/Home/stock/index
INFO: [ app_init ] --START--
INFO: Run Behavior\BuildLiteBehavior [ RunTime:0.000047s ]
INFO: [ app_init ] --END-- [ RunTime:0.001052s ]

[ 2016-03-03T18:21:49+08:00 ] 127.0.0.1 /index.php/Home/stock/index
INFO: [ app_init ] --START--
INFO: Run Behavior\BuildLiteBehavior [ RunTime:0.000051s ]
INFO: [ app_init ] --END-- [ RunTime:0.001161s ]
ERR: SQLSTATE[42S22]: Column not found: 1054 Unknown column 'stock_id' in 'where clause'

[ 2016-03-03T18:21:55+08:00 ] 127.0.0.1 /index.php/Home/stock/index
INFO: [ app_init ] --START--
INFO: Run Behavior\BuildLiteBehavior [ RunTime:0.000072s ]
INFO: [ app_init ] --END-- [ RunTime:0.001633s ]

[ 2016-03-03T18:22:02+08:00 ] 127.0.0.1 /index.php/Home/stock/index
INFO: [ app_init ] --START--
INFO: Run Behavior\BuildLiteBehavior [ RunTime:0.000046s ]
INFO: [ app_init ] --END-- [ RunTime:0.002100s ]
ERR: SQLSTATE[42S22]: Column not found: 1054 Unknown column 'stock_id' in 'where clause'

[ 2016-03-03T18:22:56+08:00 ] 127.0.0.1 /index.php/Home/stock/index
INFO: [ app_init ] --START--
INFO: Run Behavior\BuildLiteBehavior [ RunTime:0.000044s ]
INFO: [ app_init ] --END-- [ RunTime:0.001058s ]
ERR: SQLSTATE[42S22]: Column not found: 1054 Unknown column 'stock_id' in 'where clause'

[ 2016-03-03T18:23:20+08:00 ] 127.0.0.1 /index.php/Home/stock/index
INFO: [ app_init ] --START--
INFO: Run Behavior\BuildLiteBehavior [ RunTime:0.000048s ]
INFO: [ app_init ] --END-- [ RunTime:0.001202s ]
ERR: SQLSTATE[42S22]: Column not found: 1054 Unknown column 'stock_id' in 'where clause'

[ 2016-03-03T18:23:25+08:00 ] 127.0.0.1 /index.php/Home/stock/index
INFO: [ app_init ] --START--
INFO: Run Behavior\BuildLiteBehavior [ RunTime:0.000043s ]
INFO: [ app_init ] --END-- [ RunTime:0.000918s ]
ERR: SQLSTATE[42S22]: Column not found: 1054 Unknown column 'stock_id' in 'where clause'

[ 2016-03-03T18:24:31+08:00 ] 127.0.0.1 /index.php/Home/stock/index
INFO: [ app_init ] --START--
INFO: Run Behavior\BuildLiteBehavior [ RunTime:0.000051s ]
INFO: [ app_init ] --END-- [ RunTime:0.001228s ]
ERR: SQLSTATE[42S22]: Column not found: 1054 Unknown column 'stock_id' in 'where clause'

[ 2016-03-03T18:28:27+08:00 ] 127.0.0.1 /index.php/Home/stock/index
INFO: [ app_init ] --START--
INFO: Run Behavior\BuildLiteBehavior [ RunTime:0.000045s ]
INFO: [ app_init ] --END-- [ RunTime:0.001056s ]
ERR: SQLSTATE[42S22]: Column not found: 1054 Unknown column 'stock_id' in 'where clause'

[ 2016-03-03T18:28:40+08:00 ] 127.0.0.1 /index.php/Home/stock/index
INFO: [ app_init ] --START--
INFO: Run Behavior\BuildLiteBehavior [ RunTime:0.000044s ]
INFO: [ app_init ] --END-- [ RunTime:0.001016s ]

[ 2016-03-03T18:28:53+08:00 ] 127.0.0.1 /index.php/Home/stock/index
INFO: [ app_init ] --START--
INFO: Run Behavior\BuildLiteBehavior [ RunTime:0.000080s ]
INFO: [ app_init ] --END-- [ RunTime:0.008005s ]

[ 2016-03-03T18:29:56+08:00 ] 127.0.0.1 /index.php/Home/stock/index
INFO: [ app_init ] --START--
INFO: Run Behavior\BuildLiteBehavior [ RunTime:0.000043s ]
INFO: [ app_init ] --END-- [ RunTime:0.001110s ]

[ 2016-03-03T18:33:08+08:00 ] 127.0.0.1 /index.php/Home/stock/index
INFO: [ app_init ] --START--
INFO: Run Behavior\BuildLiteBehavior [ RunTime:0.000042s ]
INFO: [ app_init ] --END-- [ RunTime:0.001015s ]

[ 2016-03-03T18:33:35+08:00 ] 127.0.0.1 /index.php/Home/stock/index
INFO: [ app_init ] --START--
INFO: Run Behavior\BuildLiteBehavior [ RunTime:0.000049s ]
INFO: [ app_init ] --END-- [ RunTime:0.001224s ]

[ 2016-03-03T18:33:49+08:00 ] 127.0.0.1 /index.php/Home/stock/index
INFO: [ app_init ] --START--
INFO: Run Behavior\BuildLiteBehavior [ RunTime:0.000045s ]
INFO: [ app_init ] --END-- [ RunTime:0.000981s ]

[ 2016-03-03T18:44:44+08:00 ] 127.0.0.1 /index.php/Home/stock/index
INFO: [ app_init ] --START--
INFO: Run Behavior\BuildLiteBehavior [ RunTime:0.014486s ]
INFO: [ app_init ] --END-- [ RunTime:0.043534s ]

[ 2016-03-03T18:44:44+08:00 ] 127.0.0.1 /index.php/Home/stock/index
INFO: [ app_init ] --START--
INFO: Run Behavior\BuildLiteBehavior [ RunTime:0.000048s ]
INFO: [ app_init ] --END-- [ RunTime:0.000909s ]

[ 2016-03-03T18:45:12+08:00 ] 127.0.0.1 /index.php/Home/stock/index
INFO: [ app_init ] --START--
INFO: Run Behavior\BuildLiteBehavior [ RunTime:0.000042s ]
INFO: [ app_init ] --END-- [ RunTime:0.000950s ]

[ 2016-03-03T18:45:31+08:00 ] 127.0.0.1 /index.php/Home/stock/index
INFO: [ app_init ] --START--
INFO: Run Behavior\BuildLiteBehavior [ RunTime:0.000043s ]
INFO: [ app_init ] --END-- [ RunTime:0.000909s ]

[ 2016-03-03T18:45:42+08:00 ] 127.0.0.1 /index.php/Home/stock/index
INFO: [ app_init ] --START--
INFO: Run Behavior\BuildLiteBehavior [ RunTime:0.000043s ]
INFO: [ app_init ] --END-- [ RunTime:0.001011s ]

[ 2016-03-03T18:48:18+08:00 ] 127.0.0.1 /index.php/Home/stock/index
INFO: [ app_init ] --START--
INFO: Run Behavior\BuildLiteBehavior [ RunTime:0.000047s ]
INFO: [ app_init ] --END-- [ RunTime:0.001196s ]

[ 2016-03-03T18:48:19+08:00 ] 127.0.0.1 /index.php/Home/stock/index
INFO: [ app_init ] --START--
INFO: Run Behavior\BuildLiteBehavior [ RunTime:0.000046s ]
INFO: [ app_init ] --END-- [ RunTime:0.001078s ]

[ 2016-03-03T18:48:49+08:00 ] 127.0.0.1 /index.php/Home/stock/index
INFO: [ app_init ] --START--
INFO: Run Behavior\BuildLiteBehavior [ RunTime:0.000043s ]
INFO: [ app_init ] --END-- [ RunTime:0.001223s ]
ERR: SQLSTATE[42S22]: Column not found: 1054 Unknown column 'UID' in 'where clause'

[ 2016-03-03T18:51:19+08:00 ] 127.0.0.1 /index.php/Home/stock/index
INFO: [ app_init ] --START--
INFO: Run Behavior\BuildLiteBehavior [ RunTime:0.000042s ]
INFO: [ app_init ] --END-- [ RunTime:0.000926s ]

[ 2016-03-03T18:51:27+08:00 ] 127.0.0.1 /index.php/Home/stock/index
INFO: [ app_init ] --START--
INFO: Run Behavior\BuildLiteBehavior [ RunTime:0.000043s ]
INFO: [ app_init ] --END-- [ RunTime:0.000888s ]

[ 2016-03-03T18:51:32+08:00 ] 127.0.0.1 /index.php/Home/stock/index
INFO: [ app_init ] --START--
INFO: Run Behavior\BuildLiteBehavior [ RunTime:0.000043s ]
INFO: [ app_init ] --END-- [ RunTime:0.000900s ]

[ 2016-03-03T18:51:38+08:00 ] 127.0.0.1 /index.php/Home/stock/index
INFO: [ app_init ] --START--
INFO: Run Behavior\BuildLiteBehavior [ RunTime:0.000041s ]
INFO: [ app_init ] --END-- [ RunTime:0.000971s ]

[ 2016-03-03T18:51:39+08:00 ] 127.0.0.1 /index.php/Home/stock/index
INFO: [ app_init ] --START--
INFO: Run Behavior\BuildLiteBehavior [ RunTime:0.000042s ]
INFO: [ app_init ] --END-- [ RunTime:0.000886s ]

[ 2016-03-03T18:51:39+08:00 ] 127.0.0.1 /index.php/Home/stock/index
INFO: [ app_init ] --START--
INFO: Run Behavior\BuildLiteBehavior [ RunTime:0.000043s ]
INFO: [ app_init ] --END-- [ RunTime:0.001090s ]

[ 2016-03-03T18:52:59+08:00 ] 127.0.0.1 /index.php/Home/stock/index
INFO: [ app_init ] --START--
INFO: Run Behavior\BuildLiteBehavior [ RunTime:0.000042s ]
INFO: [ app_init ] --END-- [ RunTime:0.000961s ]

[ 2016-03-03T18:53:00+08:00 ] 127.0.0.1 /index.php/Home/stock/index
INFO: [ app_init ] --START--
INFO: Run Behavior\BuildLiteBehavior [ RunTime:0.000041s ]
INFO: [ app_init ] --END-- [ RunTime:0.000900s ]

[ 2016-03-03T18:53:19+08:00 ] 127.0.0.1 /index.php/Home/stock/index
INFO: [ app_init ] --START--
INFO: Run Behavior\BuildLiteBehavior [ RunTime:0.000043s ]
INFO: [ app_init ] --END-- [ RunTime:0.000967s ]

[ 2016-03-03T18:54:24+08:00 ] 127.0.0.1 /index.php/Home/stock/index
INFO: [ app_init ] --START--
INFO: Run Behavior\BuildLiteBehavior [ RunTime:0.000044s ]
INFO: [ app_init ] --END-- [ RunTime:0.000899s ]

[ 2016-03-03T18:54:35+08:00 ] 127.0.0.1 /index.php/Home/stock/index
INFO: [ app_init ] --START--
INFO: Run Behavior\BuildLiteBehavior [ RunTime:0.000082s ]
INFO: [ app_init ] --END-- [ RunTime:0.001105s ]

[ 2016-03-03T18:54:42+08:00 ] 127.0.0.1 /index.php/Home/stock/index
INFO: [ app_init ] --START--
INFO: Run Behavior\BuildLiteBehavior [ RunTime:0.000044s ]
INFO: [ app_init ] --END-- [ RunTime:0.001072s ]

[ 2016-03-03T19:01:43+08:00 ] 127.0.0.1 /index.php/Home/stock/index
INFO: [ app_init ] --START--
INFO: Run Behavior\BuildLiteBehavior [ RunTime:0.000045s ]
INFO: [ app_init ] --END-- [ RunTime:0.000920s ]

[ 2016-03-03T19:02:04+08:00 ] 127.0.0.1 /index.php/Home/stock/index
INFO: [ app_init ] --START--
INFO: Run Behavior\BuildLiteBehavior [ RunTime:0.000043s ]
INFO: [ app_init ] --END-- [ RunTime:0.001040s ]

[ 2016-03-03T19:11:55+08:00 ] 127.0.0.1 /index.php/Home/stock/index
INFO: [ app_init ] --START--
INFO: Run Behavior\BuildLiteBehavior [ RunTime:0.000046s ]
INFO: [ app_init ] --END-- [ RunTime:0.001202s ]

[ 2016-03-03T19:11:59+08:00 ] 127.0.0.1 /index.php/Home/stock/index
INFO: [ app_init ] --START--
INFO: Run Behavior\BuildLiteBehavior [ RunTime:0.000069s ]
INFO: [ app_init ] --END-- [ RunTime:0.001613s ]

[ 2016-03-03T19:12:01+08:00 ] 127.0.0.1 /index.php/Home/stock/index
INFO: [ app_init ] --START--
INFO: Run Behavior\BuildLiteBehavior [ RunTime:0.000045s ]
INFO: [ app_init ] --END-- [ RunTime:0.001059s ]

[ 2016-03-03T19:12:02+08:00 ] 127.0.0.1 /index.php/Home/stock/index
INFO: [ app_init ] --START--
INFO: Run Behavior\BuildLiteBehavior [ RunTime:0.000044s ]
INFO: [ app_init ] --END-- [ RunTime:0.001019s ]

[ 2016-03-03T19:12:48+08:00 ] 127.0.0.1 /index.php/Home/stock/index
INFO: [ app_init ] --START--
INFO: Run Behavior\BuildLiteBehavior [ RunTime:0.000076s ]
INFO: [ app_init ] --END-- [ RunTime:0.001596s ]

[ 2016-03-03T19:13:03+08:00 ] 127.0.0.1 /index.php/Home/stock/index
INFO: [ app_init ] --START--
INFO: Run Behavior\BuildLiteBehavior [ RunTime:0.000073s ]
INFO: [ app_init ] --END-- [ RunTime:0.001115s ]

[ 2016-03-03T19:13:05+08:00 ] 127.0.0.1 /index.php/Home/stock/index
INFO: [ app_init ] --START--
INFO: Run Behavior\BuildLiteBehavior [ RunTime:0.000050s ]
INFO: [ app_init ] --END-- [ RunTime:0.000926s ]

[ 2016-03-03T19:13:05+08:00 ] 127.0.0.1 /index.php/Home/stock/index
INFO: [ app_init ] --START--
INFO: Run Behavior\BuildLiteBehavior [ RunTime:0.000074s ]
INFO: [ app_init ] --END-- [ RunTime:0.001899s ]

[ 2016-03-03T19:13:05+08:00 ] 127.0.0.1 /index.php/Home/stock/index
INFO: [ app_init ] --START--
INFO: Run Behavior\BuildLiteBehavior [ RunTime:0.000044s ]
INFO: [ app_init ] --END-- [ RunTime:0.000896s ]

[ 2016-03-03T19:13:05+08:00 ] 127.0.0.1 /index.php/Home/stock/index
INFO: [ app_init ] --START--
INFO: Run Behavior\BuildLiteBehavior [ RunTime:0.000075s ]
INFO: [ app_init ] --END-- [ RunTime:0.002263s ]

[ 2016-03-03T19:13:14+08:00 ] 127.0.0.1 /index.php/Home/stock/index
INFO: [ app_init ] --START--
INFO: Run Behavior\BuildLiteBehavior [ RunTime:0.000051s ]
INFO: [ app_init ] --END-- [ RunTime:0.001100s ]

[ 2016-03-03T19:13:23+08:00 ] 127.0.0.1 /index.php/Home/stock/index
INFO: [ app_init ] --START--
INFO: Run Behavior\BuildLiteBehavior [ RunTime:0.000043s ]
INFO: [ app_init ] --END-- [ RunTime:0.001040s ]

[ 2016-03-03T19:13:27+08:00 ] 127.0.0.1 /index.php/Home/stock/index
INFO: [ app_init ] --START--
INFO: Run Behavior\BuildLiteBehavior [ RunTime:0.000776s ]
INFO: [ app_init ] --END-- [ RunTime:0.002145s ]

[ 2016-03-03T19:13:29+08:00 ] 127.0.0.1 /index.php/Home/stock/index
INFO: [ app_init ] --START--
INFO: Run Behavior\BuildLiteBehavior [ RunTime:0.000048s ]
INFO: [ app_init ] --END-- [ RunTime:0.002055s ]

[ 2016-03-03T19:13:29+08:00 ] 127.0.0.1 /index.php/Home/stock/index
INFO: [ app_init ] --START--
INFO: Run Behavior\BuildLiteBehavior [ RunTime:0.000048s ]
INFO: [ app_init ] --END-- [ RunTime:0.001099s ]

[ 2016-03-03T19:13:29+08:00 ] 127.0.0.1 /index.php/Home/stock/index
INFO: [ app_init ] --START--
INFO: Run Behavior\BuildLiteBehavior [ RunTime:0.000083s ]
INFO: [ app_init ] --END-- [ RunTime:0.001753s ]

[ 2016-03-03T19:14:09+08:00 ] 127.0.0.1 /index.php/Home/stock/index
INFO: [ app_init ] --START--
INFO: Run Behavior\BuildLiteBehavior [ RunTime:0.000075s ]
INFO: [ app_init ] --END-- [ RunTime:0.001413s ]

[ 2016-03-03T19:14:28+08:00 ] 127.0.0.1 /index.php/Home/stock/index
INFO: [ app_init ] --START--
INFO: Run Behavior\BuildLiteBehavior [ RunTime:0.000073s ]
INFO: [ app_init ] --END-- [ RunTime:0.002638s ]

[ 2016-03-03T19:14:52+08:00 ] 127.0.0.1 /index.php/Home/stock/index
INFO: [ app_init ] --START--
INFO: Run Behavior\BuildLiteBehavior [ RunTime:0.000072s ]
INFO: [ app_init ] --END-- [ RunTime:0.001687s ]

[ 2016-03-03T19:15:17+08:00 ] 127.0.0.1 /index.php/Home/stock/index
INFO: [ app_init ] --START--
INFO: Run Behavior\BuildLiteBehavior [ RunTime:0.000091s ]
INFO: [ app_init ] --END-- [ RunTime:0.001418s ]

[ 2016-03-03T19:18:29+08:00 ] 127.0.0.1 /index.php/Home/stock/index
INFO: [ app_init ] --START--
INFO: Run Behavior\BuildLiteBehavior [ RunTime:0.000043s ]
INFO: [ app_init ] --END-- [ RunTime:0.000987s ]

[ 2016-03-03T19:18:38+08:00 ] 127.0.0.1 /index.php/Home/stock/index
INFO: [ app_init ] --START--
INFO: Run Behavior\BuildLiteBehavior [ RunTime:0.000046s ]
INFO: [ app_init ] --END-- [ RunTime:0.000927s ]

[ 2016-03-03T19:18:45+08:00 ] 127.0.0.1 /index.php/Home/stock/index
INFO: [ app_init ] --START--
INFO: Run Behavior\BuildLiteBehavior [ RunTime:0.000044s ]
INFO: [ app_init ] --END-- [ RunTime:0.000903s ]

[ 2016-03-03T19:19:06+08:00 ] 127.0.0.1 /index.php/Home/stock/index
INFO: [ app_init ] --START--
INFO: Run Behavior\BuildLiteBehavior [ RunTime:0.000045s ]
INFO: [ app_init ] --END-- [ RunTime:0.001161s ]

[ 2016-03-03T19:19:13+08:00 ] 127.0.0.1 /index.php/Home/stock/index
INFO: [ app_init ] --START--
INFO: Run Behavior\BuildLiteBehavior [ RunTime:0.000040s ]
INFO: [ app_init ] --END-- [ RunTime:0.000926s ]

[ 2016-03-03T19:19:35+08:00 ] 127.0.0.1 /index.php/Home/stock/index
INFO: [ app_init ] --START--
INFO: Run Behavior\BuildLiteBehavior [ RunTime:0.000074s ]
INFO: [ app_init ] --END-- [ RunTime:0.001436s ]

[ 2016-03-03T19:19:38+08:00 ] 127.0.0.1 /index.php/Home/stock/index
INFO: [ app_init ] --START--
INFO: Run Behavior\BuildLiteBehavior [ RunTime:0.000071s ]
INFO: [ app_init ] --END-- [ RunTime:0.001697s ]

[ 2016-03-03T19:19:39+08:00 ] 127.0.0.1 /index.php/Home/stock/index
INFO: [ app_init ] --START--
INFO: Run Behavior\BuildLiteBehavior [ RunTime:0.000047s ]
INFO: [ app_init ] --END-- [ RunTime:0.001004s ]

[ 2016-03-03T19:19:48+08:00 ] 127.0.0.1 /index.php/Home/stock/index
INFO: [ app_init ] --START--
INFO: Run Behavior\BuildLiteBehavior [ RunTime:0.000045s ]
INFO: [ app_init ] --END-- [ RunTime:0.001009s ]

[ 2016-03-03T19:19:50+08:00 ] 127.0.0.1 /index.php/Home/stock/index
INFO: [ app_init ] --START--
INFO: Run Behavior\BuildLiteBehavior [ RunTime:0.000042s ]
INFO: [ app_init ] --END-- [ RunTime:0.001066s ]

[ 2016-03-03T19:19:58+08:00 ] 127.0.0.1 /index.php/Home/stock/index
INFO: [ app_init ] --START--
INFO: Run Behavior\BuildLiteBehavior [ RunTime:0.000045s ]
INFO: [ app_init ] --END-- [ RunTime:0.000985s ]

[ 2016-03-03T19:20:08+08:00 ] 127.0.0.1 /index.php/Home/stock/index
INFO: [ app_init ] --START--
INFO: Run Behavior\BuildLiteBehavior [ RunTime:0.000047s ]
INFO: [ app_init ] --END-- [ RunTime:0.001233s ]

[ 2016-03-03T19:20:20+08:00 ] 127.0.0.1 /index.php/Home/stock/index
INFO: [ app_init ] --START--
INFO: Run Behavior\BuildLiteBehavior [ RunTime:0.000076s ]
INFO: [ app_init ] --END-- [ RunTime:0.005007s ]

[ 2016-03-03T19:22:55+08:00 ] 127.0.0.1 /index.php/Home/stock/index
INFO: [ app_init ] --START--
INFO: Run Behavior\BuildLiteBehavior [ RunTime:0.000069s ]
INFO: [ app_init ] --END-- [ RunTime:0.001437s ]

[ 2016-03-03T19:22:58+08:00 ] 127.0.0.1 /index.php/Home/stock/index
INFO: [ app_init ] --START--
INFO: Run Behavior\BuildLiteBehavior [ RunTime:0.000070s ]
INFO: [ app_init ] --END-- [ RunTime:0.001426s ]

[ 2016-03-03T19:23:03+08:00 ] 127.0.0.1 /index.php/Home/stock/index
INFO: [ app_init ] --START--
INFO: Run Behavior\BuildLiteBehavior [ RunTime:0.000074s ]
INFO: [ app_init ] --END-- [ RunTime:0.001536s ]

[ 2016-03-03T19:23:11+08:00 ] 127.0.0.1 /index.php/Home/stock/index
INFO: [ app_init ] --START--
INFO: Run Behavior\BuildLiteBehavior [ RunTime:0.000074s ]
INFO: [ app_init ] --END-- [ RunTime:0.001434s ]

[ 2016-03-03T19:23:30+08:00 ] 127.0.0.1 /index.php/Home/stock/index
INFO: [ app_init ] --START--
INFO: Run Behavior\BuildLiteBehavior [ RunTime:0.000076s ]
INFO: [ app_init ] --END-- [ RunTime:0.001503s ]

[ 2016-03-03T19:23:32+08:00 ] 127.0.0.1 /index.php/Home/stock/index
INFO: [ app_init ] --START--
INFO: Run Behavior\BuildLiteBehavior [ RunTime:0.000044s ]
INFO: [ app_init ] --END-- [ RunTime:0.000984s ]

[ 2016-03-03T19:23:33+08:00 ] 127.0.0.1 /index.php/Home/stock/index
INFO: [ app_init ] --START--
INFO: Run Behavior\BuildLiteBehavior [ RunTime:0.000072s ]
INFO: [ app_init ] --END-- [ RunTime:0.001706s ]

[ 2016-03-03T19:23:33+08:00 ] 127.0.0.1 /index.php/Home/stock/index
INFO: [ app_init ] --START--
INFO: Run Behavior\BuildLiteBehavior [ RunTime:0.000084s ]
INFO: [ app_init ] --END-- [ RunTime:0.001366s ]

[ 2016-03-03T19:23:33+08:00 ] 127.0.0.1 /index.php/Home/stock/index
INFO: [ app_init ] --START--
INFO: Run Behavior\BuildLiteBehavior [ RunTime:0.000043s ]
INFO: [ app_init ] --END-- [ RunTime:0.001138s ]

[ 2016-03-03T19:23:34+08:00 ] 127.0.0.1 /index.php/Home/stock/index
INFO: [ app_init ] --START--
INFO: Run Behavior\BuildLiteBehavior [ RunTime:0.000068s ]
INFO: [ app_init ] --END-- [ RunTime:0.001430s ]

[ 2016-03-03T19:23:34+08:00 ] 127.0.0.1 /index.php/Home/stock/index
INFO: [ app_init ] --START--
INFO: Run Behavior\BuildLiteBehavior [ RunTime:0.000074s ]
INFO: [ app_init ] --END-- [ RunTime:0.001455s ]

[ 2016-03-03T19:23:34+08:00 ] 127.0.0.1 /index.php/Home/stock/index
INFO: [ app_init ] --START--
INFO: Run Behavior\BuildLiteBehavior [ RunTime:0.000071s ]
INFO: [ app_init ] --END-- [ RunTime:0.001514s ]

[ 2016-03-03T19:23:34+08:00 ] 127.0.0.1 /index.php/Home/stock/index
INFO: [ app_init ] --START--
INFO: Run Behavior\BuildLiteBehavior [ RunTime:0.000069s ]
INFO: [ app_init ] --END-- [ RunTime:0.001509s ]

[ 2016-03-03T19:23:39+08:00 ] 127.0.0.1 /index.php/Home/stock/index
INFO: [ app_init ] --START--
INFO: Run Behavior\BuildLiteBehavior [ RunTime:0.000073s ]
INFO: [ app_init ] --END-- [ RunTime:0.001544s ]

[ 2016-03-03T19:24:40+08:00 ] 127.0.0.1 /index.php/Home/stock/index
INFO: [ app_init ] --START--
INFO: Run Behavior\BuildLiteBehavior [ RunTime:0.000047s ]
INFO: [ app_init ] --END-- [ RunTime:0.001015s ]

[ 2016-03-03T19:24:41+08:00 ] 127.0.0.1 /index.php/Home/stock/index
INFO: [ app_init ] --START--
INFO: Run Behavior\BuildLiteBehavior [ RunTime:0.000069s ]
INFO: [ app_init ] --END-- [ RunTime:0.001432s ]

[ 2016-03-03T19:27:57+08:00 ] 127.0.0.1 /
INFO: [ app_init ] --START--
INFO: Run Behavior\BuildLiteBehavior [ RunTime:0.000043s ]
INFO: [ app_init ] --END-- [ RunTime:0.000924s ]

[ 2016-03-03T19:27:58+08:00 ] 127.0.0.1 /index.php/Home/stock/index
INFO: [ app_init ] --START--
INFO: Run Behavior\BuildLiteBehavior [ RunTime:0.000068s ]
INFO: [ app_init ] --END-- [ RunTime:0.001414s ]

[ 2016-03-03T19:29:36+08:00 ] 127.0.0.1 /
INFO: [ app_init ] --START--
INFO: Run Behavior\BuildLiteBehavior [ RunTime:0.000073s ]
INFO: [ app_init ] --END-- [ RunTime:0.001398s ]

[ 2016-03-03T19:29:37+08:00 ] 127.0.0.1 /index.php/Home/stock/index
INFO: [ app_init ] --START--
INFO: Run Behavior\BuildLiteBehavior [ RunTime:0.000047s ]
INFO: [ app_init ] --END-- [ RunTime:0.001595s ]

[ 2016-03-03T19:29:38+08:00 ] 127.0.0.1 /index.php/Home/stock/index
INFO: [ app_init ] --START--
INFO: Run Behavior\BuildLiteBehavior [ RunTime:0.000043s ]
INFO: [ app_init ] --END-- [ RunTime:0.001037s ]

[ 2016-03-03T19:29:47+08:00 ] 127.0.0.1 /
INFO: [ app_init ] --START--
INFO: Run Behavior\BuildLiteBehavior [ RunTime:0.000067s ]
INFO: [ app_init ] --END-- [ RunTime:0.001426s ]

[ 2016-03-03T19:29:48+08:00 ] 127.0.0.1 /index.php/Home/stock/index
INFO: [ app_init ] --START--
INFO: Run Behavior\BuildLiteBehavior [ RunTime:0.000075s ]
INFO: [ app_init ] --END-- [ RunTime:0.001983s ]

[ 2016-03-03T19:29:50+08:00 ] 127.0.0.1 /index.php/Home/stock/index
INFO: [ app_init ] --START--
INFO: Run Behavior\BuildLiteBehavior [ RunTime:0.000072s ]
INFO: [ app_init ] --END-- [ RunTime:0.001341s ]

[ 2016-03-03T19:31:27+08:00 ] 127.0.0.1 /index.php/Home/stock/index
INFO: [ app_init ] --START--
INFO: Run Behavior\BuildLiteBehavior [ RunTime:0.000073s ]
INFO: [ app_init ] --END-- [ RunTime:0.001536s ]

[ 2016-03-03T19:33:41+08:00 ] 127.0.0.1 /index.php/Home/stock/index
INFO: [ app_init ] --START--
INFO: Run Behavior\BuildLiteBehavior [ RunTime:0.000069s ]
INFO: [ app_init ] --END-- [ RunTime:0.001553s ]

[ 2016-03-03T19:33:50+08:00 ] 127.0.0.1 /
INFO: [ app_init ] --START--
INFO: Run Behavior\BuildLiteBehavior [ RunTime:0.000076s ]
INFO: [ app_init ] --END-- [ RunTime:0.001406s ]

[ 2016-03-03T19:33:51+08:00 ] 127.0.0.1 /index.php/Home/stock/index
INFO: [ app_init ] --START--
INFO: Run Behavior\BuildLiteBehavior [ RunTime:0.000043s ]
INFO: [ app_init ] --END-- [ RunTime:0.001078s ]

[ 2016-03-03T19:33:55+08:00 ] 127.0.0.1 /index.php/Home/stock/index
INFO: [ app_init ] --START--
INFO: Run Behavior\BuildLiteBehavior [ RunTime:0.000041s ]
INFO: [ app_init ] --END-- [ RunTime:0.000954s ]

[ 2016-03-03T19:34:06+08:00 ] 127.0.0.1 /index.php/Home/stock/index
INFO: [ app_init ] --START--
INFO: Run Behavior\BuildLiteBehavior [ RunTime:0.000065s ]
INFO: [ app_init ] --END-- [ RunTime:0.001290s ]

[ 2016-03-03T19:37:53+08:00 ] 127.0.0.1 /
INFO: [ app_init ] --START--
INFO: Run Behavior\BuildLiteBehavior [ RunTime:0.000068s ]
INFO: [ app_init ] --END-- [ RunTime:0.001515s ]

[ 2016-03-03T19:37:54+08:00 ] 127.0.0.1 /index.php/Home/stock/index
INFO: [ app_init ] --START--
INFO: Run Behavior\BuildLiteBehavior [ RunTime:0.000076s ]
INFO: [ app_init ] --END-- [ RunTime:0.003605s ]

[ 2016-03-03T19:37:56+08:00 ] 127.0.0.1 /index.php/Home/stock/index
INFO: [ app_init ] --START--
INFO: Run Behavior\BuildLiteBehavior [ RunTime:0.000091s ]
INFO: [ app_init ] --END-- [ RunTime:0.001077s ]

[ 2016-03-03T19:38:48+08:00 ] 127.0.0.1 /index.php/Home/stock/index
INFO: [ app_init ] --START--
INFO: Run Behavior\BuildLiteBehavior [ RunTime:0.000043s ]
INFO: [ app_init ] --END-- [ RunTime:0.001027s ]

[ 2016-03-03T19:38:49+08:00 ] 127.0.0.1 /index.php/Home/stock/index
INFO: [ app_init ] --START--
INFO: Run Behavior\BuildLiteBehavior [ RunTime:0.000043s ]
INFO: [ app_init ] --END-- [ RunTime:0.001002s ]

[ 2016-03-03T19:39:17+08:00 ] 127.0.0.1 /index.php/Home/stock/index
INFO: [ app_init ] --START--
INFO: Run Behavior\BuildLiteBehavior [ RunTime:0.000042s ]
INFO: [ app_init ] --END-- [ RunTime:0.000930s ]

[ 2016-03-03T19:39:22+08:00 ] 127.0.0.1 /index.php/Home/stock/index
INFO: [ app_init ] --START--
INFO: Run Behavior\BuildLiteBehavior [ RunTime:0.000073s ]
INFO: [ app_init ] --END-- [ RunTime:0.001810s ]

[ 2016-03-03T20:27:29+08:00 ] 127.0.0.1 /
INFO: [ app_init ] --START--
INFO: Run Behavior\BuildLiteBehavior [ RunTime:0.000066s ]
INFO: [ app_init ] --END-- [ RunTime:0.001197s ]

[ 2016-03-03T20:27:30+08:00 ] 127.0.0.1 /index.php/Home/Index/main
INFO: [ app_init ] --START--
INFO: Run Behavior\BuildLiteBehavior [ RunTime:0.000144s ]
INFO: [ app_init ] --END-- [ RunTime:0.001725s ]

[ 2016-03-03T20:34:15+08:00 ] 127.0.0.1 /
INFO: [ app_init ] --START--
INFO: Run Behavior\BuildLiteBehavior [ RunTime:0.000075s ]
INFO: [ app_init ] --END-- [ RunTime:0.001430s ]

[ 2016-03-03T20:34:21+08:00 ] 127.0.0.1 /index.php/Home/stock/index
INFO: [ app_init ] --START--
INFO: Run Behavior\BuildLiteBehavior [ RunTime:0.000074s ]
INFO: [ app_init ] --END-- [ RunTime:0.001581s ]

[ 2016-03-03T21:20:25+08:00 ] 127.0.0.1 /
INFO: [ app_init ] --START--
INFO: Run Behavior\BuildLiteBehavior [ RunTime:0.000045s ]
INFO: [ app_init ] --END-- [ RunTime:0.001295s ]

[ 2016-03-03T21:20:26+08:00 ] 127.0.0.1 /index.php/Home/Index/main
INFO: [ app_init ] --START--
INFO: Run Behavior\BuildLiteBehavior [ RunTime:0.000048s ]
INFO: [ app_init ] --END-- [ RunTime:0.001097s ]

[ 2016-03-03T21:20:31+08:00 ] 127.0.0.1 /index.php/Home/stock/index
INFO: [ app_init ] --START--
INFO: Run Behavior\BuildLiteBehavior [ RunTime:0.000067s ]
INFO: [ app_init ] --END-- [ RunTime:0.001409s ]

[ 2016-03-03T23:45:58+08:00 ] 127.0.0.1 /
INFO: [ app_init ] --START--
INFO: Run Behavior\BuildLiteBehavior [ RunTime:0.000049s ]
INFO: [ app_init ] --END-- [ RunTime:0.012066s ]

[ 2016-03-03T23:45:59+08:00 ] 127.0.0.1 /index.php/Home/Index/main
INFO: [ app_init ] --START--
INFO: Run Behavior\BuildLiteBehavior [ RunTime:0.000077s ]
INFO: [ app_init ] --END-- [ RunTime:0.001427s ]

[ 2016-03-03T23:47:26+08:00 ] 127.0.0.1 /
INFO: [ app_init ] --START--
INFO: Run Behavior\BuildLiteBehavior [ RunTime:0.000077s ]
INFO: [ app_init ] --END-- [ RunTime:0.001508s ]

[ 2016-03-03T23:47:27+08:00 ] 127.0.0.1 /index.php/Home/Index/main
INFO: [ app_init ] --START--
INFO: Run Behavior\BuildLiteBehavior [ RunTime:0.000078s ]
INFO: [ app_init ] --END-- [ RunTime:0.001498s ]

